<?xml version="1.0" encoding="UTF-8"?>
<!-- Generated by org.testng.reporters.JUnitReportReporter -->
<testsuite hostname="Pallavi-Sadhus-MacBook-Air.local" failures="0" tests="1" name="tests.FlightsTest" time="26.081" errors="0" timestamp="2023-04-03T22:49:47 CDT" skipped="0">
  <testcase classname="tests.FlightsTest" name="verifyBooking" time="26.081"/>
  <system-out/>
</testsuite> <!-- tests.FlightsTest -->
